c:\users\daehyeonjo\source\repos\msdsim\msdsim\debug\vc141.pdb
c:\users\daehyeonjo\source\repos\msdsim\msdsim\debug\vc141.idb
c:\users\daehyeonjo\source\repos\msdsim\msdsim\debug\wndproc.obj
c:\users\daehyeonjo\source\repos\msdsim\msdsim\debug\main.obj
c:\users\daehyeonjo\source\repos\msdsim\msdsim\debug\view.obj
c:\users\daehyeonjo\onedrive - ariatech inc\업무\2020년 5월\msd 통계 시뮬레이터\msdsim\msdsim\debug\vc141.pdb
c:\users\daehyeonjo\onedrive - ariatech inc\업무\2020년 5월\msd 통계 시뮬레이터\msdsim\msdsim\debug\vc141.idb
c:\users\daehyeonjo\onedrive - ariatech inc\업무\2020년 5월\msd 통계 시뮬레이터\msdsim\msdsim\debug\wndproc.obj
c:\users\daehyeonjo\onedrive - ariatech inc\업무\2020년 5월\msd 통계 시뮬레이터\msdsim\msdsim\debug\view.obj
c:\users\daehyeonjo\onedrive - ariatech inc\업무\2020년 5월\msd 통계 시뮬레이터\msdsim\msdsim\debug\main.obj
c:\users\daehyeonjo\onedrive - ariatech inc\업무\2020년 5월\msd 통계 시뮬레이터\msdsim\msdsim\debug\simlib.obj
c:\users\daehyeonjo\source\repos\msdsim\debug\msdsim.exe
c:\users\daehyeonjo\source\repos\msdsim\debug\msdsim.ilk
c:\users\daehyeonjo\source\repos\msdsim\debug\msdsim.pdb
c:\users\daehyeonjo\onedrive - ariatech inc\업무\2020년 5월\msd 통계 시뮬레이터\msdsim\debug\msdsim.exe
c:\users\daehyeonjo\onedrive - ariatech inc\업무\2020년 5월\msd 통계 시뮬레이터\msdsim\debug\msdsim.ilk
c:\users\daehyeonjo\onedrive - ariatech inc\업무\2020년 5월\msd 통계 시뮬레이터\msdsim\debug\msdsim.pdb
c:\users\daehyeonjo\onedrive - ariatech inc\업무\2020년 5월\msd 통계 시뮬레이터\msdsim\msdsim\debug\msdsim.tlog\cl.command.1.tlog
c:\users\daehyeonjo\onedrive - ariatech inc\업무\2020년 5월\msd 통계 시뮬레이터\msdsim\msdsim\debug\msdsim.tlog\cl.read.1.tlog
c:\users\daehyeonjo\onedrive - ariatech inc\업무\2020년 5월\msd 통계 시뮬레이터\msdsim\msdsim\debug\msdsim.tlog\cl.write.1.tlog
c:\users\daehyeonjo\onedrive - ariatech inc\업무\2020년 5월\msd 통계 시뮬레이터\msdsim\msdsim\debug\msdsim.tlog\link.command.1.tlog
c:\users\daehyeonjo\onedrive - ariatech inc\업무\2020년 5월\msd 통계 시뮬레이터\msdsim\msdsim\debug\msdsim.tlog\link.read.1.tlog
c:\users\daehyeonjo\onedrive - ariatech inc\업무\2020년 5월\msd 통계 시뮬레이터\msdsim\msdsim\debug\msdsim.tlog\link.write.1.tlog
